[ 2018-08-24T16:40:30+08:00 ]  
INFO: [ app_init ] --START--
INFO: Run Behavior\BuildLiteBehavior [ RunTime:0.000015s ]
INFO: [ app_init ] --END-- [ RunTime:0.000888s ]
NOTIC: [8] Undefined index: REQUEST_URI E:\work\niu_new\Win32\debug\app\ThinkPHP\Library\Think\Dispatcher.class.php 第 137 行.
INFO: [ app_begin ] --START--
INFO: Run Behavior\ReadHtmlCacheBehavior [ RunTime:0.001028s ]
INFO: [ app_begin ] --END-- [ RunTime:0.001090s ]
NOTIC: [2048] Declaration of Home\Controller\IndexController::error() should be compatible with that of Think\Controller::error() E:\work\niu_new\Win32\debug\app\Application\Home\Controller\IndexController.class.php 第 65 行.
NOTIC: [2] Missing argument 1 for Think\Controller::show(), called in E:\work\niu_new\Win32\debug\app\Application\Home\Controller\IndexController.class.php on line 11 and defined E:\work\niu_new\Win32\debug\app\ThinkPHP\Library\Think\Controller.class.php 第 68 行.
NOTIC: [8] Undefined variable: content E:\work\niu_new\Win32\debug\app\ThinkPHP\Library\Think\Controller.class.php 第 69 行.
INFO: [ view_parse ] --START--
INFO: [ template_filter ] --START--
INFO: Run Behavior\ContentReplaceBehavior [ RunTime:0.000060s ]
INFO: [ template_filter ] --END-- [ RunTime:0.000126s ]
INFO: Run Behavior\ParseTemplateBehavior [ RunTime:0.014869s ]
INFO: [ view_parse ] --END-- [ RunTime:0.014930s ]
INFO: [ view_filter ] --START--
INFO: Run Behavior\WriteHtmlCacheBehavior [ RunTime:0.000765s ]
INFO: [ view_filter ] --END-- [ RunTime:0.000818s ]
INFO: [ app_end ] --START--
INFO: Run Behavior\ShowPageTraceBehavior [ RunTime:0.001043s ]
INFO: [ app_end ] --END-- [ RunTime:0.001097s ]

[ 2018-08-24T16:40:30+08:00 ]  
INFO: [ app_init ] --START--
INFO: Run Behavior\BuildLiteBehavior [ RunTime:0.000014s ]
INFO: [ app_init ] --END-- [ RunTime:0.000429s ]
NOTIC: [8] Undefined index: REQUEST_URI E:\work\niu_new\Win32\debug\app\ThinkPHP\Library\Think\Dispatcher.class.php 第 137 行.
INFO: [ app_begin ] --START--
INFO: Run Behavior\ReadHtmlCacheBehavior [ RunTime:0.000619s ]
INFO: [ app_begin ] --END-- [ RunTime:0.000686s ]
INFO: [ app_end ] --START--
INFO: Run Behavior\ShowPageTraceBehavior [ RunTime:0.000686s ]
INFO: [ app_end ] --END-- [ RunTime:0.000778s ]

[ 2018-08-24T16:40:30+08:00 ]  
INFO: [ app_init ] --START--
INFO: Run Behavior\BuildLiteBehavior [ RunTime:0.000017s ]
INFO: [ app_init ] --END-- [ RunTime:0.000492s ]
NOTIC: [8] Undefined index: REQUEST_URI E:\work\niu_new\Win32\debug\app\ThinkPHP\Library\Think\Dispatcher.class.php 第 137 行.
INFO: [ app_begin ] --START--
INFO: Run Behavior\ReadHtmlCacheBehavior [ RunTime:0.000701s ]
INFO: [ app_begin ] --END-- [ RunTime:0.000768s ]
INFO: [ app_end ] --START--
INFO: Run Behavior\ShowPageTraceBehavior [ RunTime:0.001104s ]
INFO: [ app_end ] --END-- [ RunTime:0.001218s ]

[ 2018-08-24T16:40:32+08:00 ]  
INFO: [ app_init ] --START--
INFO: Run Behavior\BuildLiteBehavior [ RunTime:0.000015s ]
INFO: [ app_init ] --END-- [ RunTime:0.000488s ]
NOTIC: [8] Undefined index: REQUEST_URI E:\work\niu_new\Win32\debug\app\ThinkPHP\Library\Think\Dispatcher.class.php 第 137 行.
INFO: [ app_begin ] --START--
INFO: Run Behavior\ReadHtmlCacheBehavior [ RunTime:0.000594s ]
INFO: [ app_begin ] --END-- [ RunTime:0.000655s ]
NOTIC: [2048] Declaration of Home\Controller\IndexController::error() should be compatible with that of Think\Controller::error() E:\work\niu_new\Win32\debug\app\Application\Home\Controller\IndexController.class.php 第 65 行.
SQL: PRAGMA table_info( tb_student ) [ RunTime:0.0004s ]
NOTIC: [8] Undefined index: field E:\work\niu_new\Win32\debug\app\ThinkPHP\Library\Think\Db\Driver\Sqlite.class.php 第 42 行.
NOTIC: [8] Undefined index: field E:\work\niu_new\Win32\debug\app\ThinkPHP\Library\Think\Db\Driver\Sqlite.class.php 第 43 行.
NOTIC: [8] Undefined index: null E:\work\niu_new\Win32\debug\app\ThinkPHP\Library\Think\Db\Driver\Sqlite.class.php 第 45 行.
NOTIC: [8] Undefined index: default E:\work\niu_new\Win32\debug\app\ThinkPHP\Library\Think\Db\Driver\Sqlite.class.php 第 46 行.
NOTIC: [8] Undefined index: dey E:\work\niu_new\Win32\debug\app\ThinkPHP\Library\Think\Db\Driver\Sqlite.class.php 第 47 行.
NOTIC: [8] Undefined index: extra E:\work\niu_new\Win32\debug\app\ThinkPHP\Library\Think\Db\Driver\Sqlite.class.php 第 48 行.
NOTIC: [8] Undefined index: field E:\work\niu_new\Win32\debug\app\ThinkPHP\Library\Think\Db\Driver\Sqlite.class.php 第 42 行.
NOTIC: [8] Undefined index: field E:\work\niu_new\Win32\debug\app\ThinkPHP\Library\Think\Db\Driver\Sqlite.class.php 第 43 行.
NOTIC: [8] Undefined index: null E:\work\niu_new\Win32\debug\app\ThinkPHP\Library\Think\Db\Driver\Sqlite.class.php 第 45 行.
NOTIC: [8] Undefined index: default E:\work\niu_new\Win32\debug\app\ThinkPHP\Library\Think\Db\Driver\Sqlite.class.php 第 46 行.
NOTIC: [8] Undefined index: dey E:\work\niu_new\Win32\debug\app\ThinkPHP\Library\Think\Db\Driver\Sqlite.class.php 第 47 行.
NOTIC: [8] Undefined index: extra E:\work\niu_new\Win32\debug\app\ThinkPHP\Library\Think\Db\Driver\Sqlite.class.php 第 48 行.
SQL: SELECT * FROM tb_student  [ RunTime:0.0001s ]
INFO: [ app_end ] --START--
INFO: Run Behavior\ShowPageTraceBehavior [ RunTime:0.000799s ]
INFO: [ app_end ] --END-- [ RunTime:0.000864s ]

[ 2018-08-24T16:42:57+08:00 ]  
INFO: [ app_init ] --START--
INFO: Run Behavior\BuildLiteBehavior [ RunTime:0.000020s ]
INFO: [ app_init ] --END-- [ RunTime:0.000660s ]
NOTIC: [8] Undefined index: REQUEST_URI E:\work\niu_new\Win32\debug\app\ThinkPHP\Library\Think\Dispatcher.class.php 第 137 行.
INFO: [ app_begin ] --START--
INFO: Run Behavior\ReadHtmlCacheBehavior [ RunTime:0.000728s ]
INFO: [ app_begin ] --END-- [ RunTime:0.000793s ]
NOTIC: [2048] Declaration of Home\Controller\IndexController::error() should be compatible with that of Think\Controller::error() E:\work\niu_new\Win32\debug\app\Application\Home\Controller\IndexController.class.php 第 65 行.
NOTIC: [2] Missing argument 1 for Think\Controller::show(), called in E:\work\niu_new\Win32\debug\app\Application\Home\Controller\IndexController.class.php on line 11 and defined E:\work\niu_new\Win32\debug\app\ThinkPHP\Library\Think\Controller.class.php 第 68 行.
NOTIC: [8] Undefined variable: content E:\work\niu_new\Win32\debug\app\ThinkPHP\Library\Think\Controller.class.php 第 69 行.
INFO: [ view_parse ] --START--
INFO: [ template_filter ] --START--
INFO: Run Behavior\ContentReplaceBehavior [ RunTime:0.000061s ]
INFO: [ template_filter ] --END-- [ RunTime:0.000127s ]
INFO: Run Behavior\ParseTemplateBehavior [ RunTime:0.013476s ]
INFO: [ view_parse ] --END-- [ RunTime:0.013539s ]
INFO: [ view_filter ] --START--
INFO: Run Behavior\WriteHtmlCacheBehavior [ RunTime:0.000393s ]
INFO: [ view_filter ] --END-- [ RunTime:0.000447s ]
INFO: [ app_end ] --START--
INFO: Run Behavior\ShowPageTraceBehavior [ RunTime:0.000651s ]
INFO: [ app_end ] --END-- [ RunTime:0.000706s ]

[ 2018-08-24T16:42:58+08:00 ]  
INFO: [ app_init ] --START--
INFO: Run Behavior\BuildLiteBehavior [ RunTime:0.000015s ]
INFO: [ app_init ] --END-- [ RunTime:0.000450s ]
NOTIC: [8] Undefined index: REQUEST_URI E:\work\niu_new\Win32\debug\app\ThinkPHP\Library\Think\Dispatcher.class.php 第 137 行.
INFO: [ app_begin ] --START--
INFO: Run Behavior\ReadHtmlCacheBehavior [ RunTime:0.000630s ]
INFO: [ app_begin ] --END-- [ RunTime:0.000695s ]
INFO: [ app_end ] --START--
INFO: Run Behavior\ShowPageTraceBehavior [ RunTime:0.000710s ]
INFO: [ app_end ] --END-- [ RunTime:0.000824s ]

[ 2018-08-24T16:42:58+08:00 ]  
INFO: [ app_init ] --START--
INFO: Run Behavior\BuildLiteBehavior [ RunTime:0.000019s ]
INFO: [ app_init ] --END-- [ RunTime:0.000760s ]
NOTIC: [8] Undefined index: REQUEST_URI E:\work\niu_new\Win32\debug\app\ThinkPHP\Library\Think\Dispatcher.class.php 第 137 行.
INFO: [ app_begin ] --START--
INFO: Run Behavior\ReadHtmlCacheBehavior [ RunTime:0.001041s ]
INFO: [ app_begin ] --END-- [ RunTime:0.001161s ]
INFO: [ app_end ] --START--
INFO: Run Behavior\ShowPageTraceBehavior [ RunTime:0.000754s ]
INFO: [ app_end ] --END-- [ RunTime:0.000835s ]

[ 2018-08-24T16:42:59+08:00 ]  
INFO: [ app_init ] --START--
INFO: Run Behavior\BuildLiteBehavior [ RunTime:0.000016s ]
INFO: [ app_init ] --END-- [ RunTime:0.000459s ]
NOTIC: [8] Undefined index: REQUEST_URI E:\work\niu_new\Win32\debug\app\ThinkPHP\Library\Think\Dispatcher.class.php 第 137 行.
INFO: [ app_begin ] --START--
INFO: Run Behavior\ReadHtmlCacheBehavior [ RunTime:0.000613s ]
INFO: [ app_begin ] --END-- [ RunTime:0.000678s ]
NOTIC: [2048] Declaration of Home\Controller\IndexController::error() should be compatible with that of Think\Controller::error() E:\work\niu_new\Win32\debug\app\Application\Home\Controller\IndexController.class.php 第 65 行.
SQL: PRAGMA table_info( tb_student ) [ RunTime:0.0004s ]
NOTIC: [8] Undefined index: field E:\work\niu_new\Win32\debug\app\ThinkPHP\Library\Think\Db\Driver\Sqlite.class.php 第 42 行.
NOTIC: [8] Undefined index: field E:\work\niu_new\Win32\debug\app\ThinkPHP\Library\Think\Db\Driver\Sqlite.class.php 第 43 行.
NOTIC: [8] Undefined index: null E:\work\niu_new\Win32\debug\app\ThinkPHP\Library\Think\Db\Driver\Sqlite.class.php 第 45 行.
NOTIC: [8] Undefined index: default E:\work\niu_new\Win32\debug\app\ThinkPHP\Library\Think\Db\Driver\Sqlite.class.php 第 46 行.
NOTIC: [8] Undefined index: dey E:\work\niu_new\Win32\debug\app\ThinkPHP\Library\Think\Db\Driver\Sqlite.class.php 第 47 行.
NOTIC: [8] Undefined index: extra E:\work\niu_new\Win32\debug\app\ThinkPHP\Library\Think\Db\Driver\Sqlite.class.php 第 48 行.
NOTIC: [8] Undefined index: field E:\work\niu_new\Win32\debug\app\ThinkPHP\Library\Think\Db\Driver\Sqlite.class.php 第 42 行.
NOTIC: [8] Undefined index: field E:\work\niu_new\Win32\debug\app\ThinkPHP\Library\Think\Db\Driver\Sqlite.class.php 第 43 行.
NOTIC: [8] Undefined index: null E:\work\niu_new\Win32\debug\app\ThinkPHP\Library\Think\Db\Driver\Sqlite.class.php 第 45 行.
NOTIC: [8] Undefined index: default E:\work\niu_new\Win32\debug\app\ThinkPHP\Library\Think\Db\Driver\Sqlite.class.php 第 46 行.
NOTIC: [8] Undefined index: dey E:\work\niu_new\Win32\debug\app\ThinkPHP\Library\Think\Db\Driver\Sqlite.class.php 第 47 行.
NOTIC: [8] Undefined index: extra E:\work\niu_new\Win32\debug\app\ThinkPHP\Library\Think\Db\Driver\Sqlite.class.php 第 48 行.
SQL: SELECT * FROM tb_student  [ RunTime:0.0002s ]
INFO: [ app_end ] --START--
INFO: Run Behavior\ShowPageTraceBehavior [ RunTime:0.000742s ]
INFO: [ app_end ] --END-- [ RunTime:0.000810s ]

